<?xml version="1.0" encoding="UTF-8"?>
<testsuite name="Login Test"
           tests="3"
           failures="0"
           errors="0"
           skipped="0"
           time="13.282">
  <properties />
  
  
            <testcase name="verifyUserShouldLoginSuccessFully" time="3.132" classname="com.orangehrmlive.demo.testsuite.LoginTest" />
                <testcase name="verifyThatTheLogoDisplayOnHomePage" time="3.633" classname="com.orangehrmlive.demo.testsuite.LoginTest" />
                <testcase name="verifyUserShouldLogOutSuccessFully" time="6.517" classname="com.orangehrmlive.demo.testsuite.LoginTest" />
      
</testsuite>
